<?xml version="1.0" encoding="UTF-8"?>
<!-- Generated by org.testng.reporters.JUnitReportReporter -->
<testsuite hostname="DESKTOP-K1OQI5P" failures="0" tests="1" name="com.ahoy.qa.testcases.Womenpagetest" time="59.078" errors="0" timestamp="2022-10-29T20:28:29 GST" skipped="0">
  <testcase classname="com.ahoy.qa.testcases.Womenpagetest" name="verifyThatCheckOutItemsWorkFine" time="59.078"/>
  <system-out/>
</testsuite> <!-- com.ahoy.qa.testcases.Womenpagetest -->
