<?xml version="1.0" encoding="UTF-8"?>
<!-- Generated by org.testng.reporters.JUnitReportReporter -->
<testsuite hostname="DESKTOP-K1OQI5P" failures="0" tests="1" name="com.ahoy.qa.testcases.Womenpagetest" time="32.708" errors="0" timestamp="2022-10-31T18:48:13 GST" skipped="0">
  <testcase classname="com.ahoy.qa.testcases.Womenpagetest" name="verifyThatCheckOutItemsWorkFine" time="32.708"/>
  <system-out/>
</testsuite> <!-- com.ahoy.qa.testcases.Womenpagetest -->
